This is pdfTeX, Version 3.14159265-2.6-1.40.21 (TeX Live 2020) (preloaded format=pdflatex 2020.9.14)  14 SEP 2020 20:45
entering extended mode
 restricted \write18 enabled.
 %&-line parsing enabled.
**00-manual1.tex
(./00-manual1.tex
LaTeX2e <2020-02-02> patch level 5
L3 programming layer <2020-09-06> (/Users/dannyklinenberg/Library/TinyTeX/texmf
-dist/tex/latex/base/article.cls
Document Class: article 2019/12/20 v1.4l Standard LaTeX document class
(/Users/dannyklinenberg/Library/TinyTeX/texmf-dist/tex/latex/base/size10.clo
File: size10.clo 2019/12/20 v1.4l Standard LaTeX file (size option)
)
\c@part=\count168
\c@section=\count169
\c@subsection=\count170
\c@subsubsection=\count171
\c@paragraph=\count172
\c@subparagraph=\count173
\c@figure=\count174
\c@table=\count175
\abovecaptionskip=\skip47
\belowcaptionskip=\skip48
\bibindent=\dimen134
) (/Users/dannyklinenberg/Library/TinyTeX/texmf-dist/tex/latex/lm/lmodern.sty
Package: lmodern 2009/10/30 v1.6 Latin Modern Fonts
LaTeX Font Info:    Overwriting symbol font `operators' in version `normal'
(Font)                  OT1/cmr/m/n --> OT1/lmr/m/n on input line 22.
LaTeX Font Info:    Overwriting symbol font `letters' in version `normal'
(Font)                  OML/cmm/m/it --> OML/lmm/m/it on input line 23.
LaTeX Font Info:    Overwriting symbol font `symbols' in version `normal'
(Font)                  OMS/cmsy/m/n --> OMS/lmsy/m/n on input line 24.
LaTeX Font Info:    Overwriting symbol font `largesymbols' in version `normal'
(Font)                  OMX/cmex/m/n --> OMX/lmex/m/n on input line 25.
LaTeX Font Info:    Overwriting symbol font `operators' in version `bold'
(Font)                  OT1/cmr/bx/n --> OT1/lmr/bx/n on input line 26.
LaTeX Font Info:    Overwriting symbol font `letters' in version `bold'
(Font)                  OML/cmm/b/it --> OML/lmm/b/it on input line 27.
LaTeX Font Info:    Overwriting symbol font `symbols' in version `bold'
(Font)                  OMS/cmsy/b/n --> OMS/lmsy/b/n on input line 28.
LaTeX Font Info:    Overwriting symbol font `largesymbols' in version `bold'
(Font)                  OMX/cmex/m/n --> OMX/lmex/m/n on input line 29.
LaTeX Font Info:    Overwriting math alphabet `\mathbf' in version `normal'
(Font)                  OT1/cmr/bx/n --> OT1/lmr/bx/n on input line 31.
LaTeX Font Info:    Overwriting math alphabet `\mathsf' in version `normal'
(Font)                  OT1/cmss/m/n --> OT1/lmss/m/n on input line 32.
LaTeX Font Info:    Overwriting math alphabet `\mathit' in version `normal'
(Font)                  OT1/cmr/m/it --> OT1/lmr/m/it on input line 33.
LaTeX Font Info:    Overwriting math alphabet `\mathtt' in version `normal'
(Font)                  OT1/cmtt/m/n --> OT1/lmtt/m/n on input line 34.
LaTeX Font Info:    Overwriting math alphabet `\mathbf' in version `bold'
(Font)                  OT1/cmr/bx/n --> OT1/lmr/bx/n on input line 35.
LaTeX Font Info:    Overwriting math alphabet `\mathsf' in version `bold'
(Font)                  OT1/cmss/bx/n --> OT1/lmss/bx/n on input line 36.
LaTeX Font Info:    Overwriting math alphabet `\mathit' in version `bold'
(Font)                  OT1/cmr/bx/it --> OT1/lmr/bx/it on input line 37.
LaTeX Font Info:    Overwriting math alphabet `\mathtt' in version `bold'
(Font)                  OT1/cmtt/m/n --> OT1/lmtt/m/n on input line 38.
)
(/Users/dannyklinenberg/Library/TinyTeX/texmf-dist/tex/latex/amsfonts/amssymb.s
ty
Package: amssymb 2013/01/14 v3.01 AMS font symbols

(/Users/dannyklinenberg/Library/TinyTeX/texmf-dist/tex/latex/amsfonts/amsfonts.
sty
Package: amsfonts 2013/01/14 v3.01 Basic AMSFonts support
\@emptytoks=\toks15
\symAMSa=\mathgroup4
\symAMSb=\mathgroup5
LaTeX Font Info:    Redeclaring math symbol \hbar on input line 98.
LaTeX Font Info:    Overwriting math alphabet `\mathfrak' in version `bold'
(Font)                  U/euf/m/n --> U/euf/b/n on input line 106.
))
(/Users/dannyklinenberg/Library/TinyTeX/texmf-dist/tex/latex/amsmath/amsmath.st
y
Package: amsmath 2020/01/20 v2.17e AMS math features
\@mathmargin=\skip49
For additional information on amsmath, use the `?' option.

(/Users/dannyklinenberg/Library/TinyTeX/texmf-dist/tex/latex/amsmath/amstext.st
y
Package: amstext 2000/06/29 v2.01 AMS text

(/Users/dannyklinenberg/Library/TinyTeX/texmf-dist/tex/latex/amsmath/amsgen.sty
File: amsgen.sty 1999/11/30 v2.0 generic functions
\@emptytoks=\toks16
\ex@=\dimen135
))
(/Users/dannyklinenberg/Library/TinyTeX/texmf-dist/tex/latex/amsmath/amsbsy.sty
Package: amsbsy 1999/11/29 v1.2d Bold Symbols
\pmbraise@=\dimen136
)
(/Users/dannyklinenberg/Library/TinyTeX/texmf-dist/tex/latex/amsmath/amsopn.sty
Package: amsopn 2016/03/08 v2.02 operator names
)
\inf@bad=\count176
LaTeX Info: Redefining \frac on input line 227.
\uproot@=\count177
\leftroot@=\count178
LaTeX Info: Redefining \overline on input line 389.
\classnum@=\count179
\DOTSCASE@=\count180
LaTeX Info: Redefining \ldots on input line 486.
LaTeX Info: Redefining \dots on input line 489.
LaTeX Info: Redefining \cdots on input line 610.
\Mathstrutbox@=\box45
\strutbox@=\box46
\big@size=\dimen137
LaTeX Font Info:    Redeclaring font encoding OML on input line 733.
LaTeX Font Info:    Redeclaring font encoding OMS on input line 734.
\macc@depth=\count181
\c@MaxMatrixCols=\count182
\dotsspace@=\muskip16
\c@parentequation=\count183
\dspbrk@lvl=\count184
\tag@help=\toks17
\row@=\count185
\column@=\count186
\maxfields@=\count187
\andhelp@=\toks18
\eqnshift@=\dimen138
\alignsep@=\dimen139
\tagshift@=\dimen140
\tagwidth@=\dimen141
\totwidth@=\dimen142
\lineht@=\dimen143
\@envbody=\toks19
\multlinegap=\skip50
\multlinetaggap=\skip51
\mathdisplay@stack=\toks20
LaTeX Info: Redefining \[ on input line 2859.
LaTeX Info: Redefining \] on input line 2860.
)
(/Users/dannyklinenberg/Library/TinyTeX/texmf-dist/tex/generic/iftex/ifxetex.st
y
Package: ifxetex 2019/10/25 v0.7 ifxetex legacy package. Use iftex instead.
(/Users/dannyklinenberg/Library/TinyTeX/texmf-dist/tex/generic/iftex/iftex.sty
Package: iftex 2020/03/06 v1.0d TeX engine tests
))
(/Users/dannyklinenberg/Library/TinyTeX/texmf-dist/tex/generic/iftex/ifluatex.s
ty
Package: ifluatex 2019/10/25 v1.5 ifluatex legacy package. Use iftex instead.
) (/Users/dannyklinenberg/Library/TinyTeX/texmf-dist/tex/latex/base/fontenc.sty
Package: fontenc 2020/02/11 v2.0o Standard LaTeX package
LaTeX Font Info:    Trying to load font information for T1+lmr on input line 11
2.
(/Users/dannyklinenberg/Library/TinyTeX/texmf-dist/tex/latex/lm/t1lmr.fd
File: t1lmr.fd 2009/10/30 v1.6 Font defs for Latin Modern
)) (/Users/dannyklinenberg/Library/TinyTeX/texmf-dist/tex/latex/base/inputenc.s
ty
Package: inputenc 2018/08/11 v1.3c Input encoding file
\inpenc@prehook=\toks21
\inpenc@posthook=\toks22
) (/Users/dannyklinenberg/Library/TinyTeX/texmf-dist/tex/latex/base/textcomp.st
y
Package: textcomp 2020/02/02 v2.0n Standard LaTeX package
)
(/Users/dannyklinenberg/Library/TinyTeX/texmf-dist/tex/latex/upquote/upquote.st
y
Package: upquote 2012/04/19 v1.3 upright-quote and grave-accent glyphs in verba
tim
) (/Users/dannyklinenberg/Library/TinyTeX/texmf-dist/tex/latex/xcolor/xcolor.st
y
Package: xcolor 2016/05/11 v2.12 LaTeX color extensions (UK)

(/Users/dannyklinenberg/Library/TinyTeX/texmf-dist/tex/latex/graphics-cfg/color
.cfg
File: color.cfg 2016/01/02 v1.6 sample color configuration
)
Package xcolor Info: Driver file: pdftex.def on input line 225.

(/Users/dannyklinenberg/Library/TinyTeX/texmf-dist/tex/latex/graphics-def/pdfte
x.def
File: pdftex.def 2020/08/26 v1.2 Graphics/color driver for pdftex
)
Package xcolor Info: Model `cmy' substituted by `cmy0' on input line 1348.
Package xcolor Info: Model `hsb' substituted by `rgb' on input line 1352.
Package xcolor Info: Model `RGB' extended on input line 1364.
Package xcolor Info: Model `HTML' substituted by `rgb' on input line 1366.
Package xcolor Info: Model `Hsb' substituted by `hsb' on input line 1367.
Package xcolor Info: Model `tHsb' substituted by `hsb' on input line 1368.
Package xcolor Info: Model `HSB' substituted by `hsb' on input line 1369.
Package xcolor Info: Model `Gray' substituted by `gray' on input line 1370.
Package xcolor Info: Model `wave' substituted by `hsb' on input line 1371.

(/Users/dannyklinenberg/Library/TinyTeX/texmf-dist/tex/latex/graphics/dvipsnam.
def
File: dvipsnam.def 2016/06/17 v3.0m Driver-dependent file (DPC,SPQR)
) (/Users/dannyklinenberg/Library/TinyTeX/texmf-dist/tex/latex/xcolor/svgnam.de
f
File: svgnam.def 2016/05/11 v2.12 Predefined colors according to SVG 1.1 (UK)
) (/Users/dannyklinenberg/Library/TinyTeX/texmf-dist/tex/latex/xcolor/x11nam.de
f
File: x11nam.def 2016/05/11 v2.12 Predefined colors according to Unix/X11 (UK)
))
(/Users/dannyklinenberg/Library/TinyTeX/texmf-dist/tex/latex/hyperref/hyperref.
sty
Package: hyperref 2020-05-15 v7.00e Hypertext links for LaTeX

(/Users/dannyklinenberg/Library/TinyTeX/texmf-dist/tex/generic/ltxcmds/ltxcmds.
sty
Package: ltxcmds 2019/12/15 v1.24 LaTeX kernel commands for general use (HO)
)
(/Users/dannyklinenberg/Library/TinyTeX/texmf-dist/tex/generic/pdftexcmds/pdfte
xcmds.sty
Package: pdftexcmds 2020-06-27 v0.33 Utility functions of pdfTeX for LuaTeX (HO
)

(/Users/dannyklinenberg/Library/TinyTeX/texmf-dist/tex/generic/infwarerr/infwar
err.sty
Package: infwarerr 2019/12/03 v1.5 Providing info/warning/error messages (HO)
)
Package pdftexcmds Info: \pdf@primitive is available.
Package pdftexcmds Info: \pdf@ifprimitive is available.
Package pdftexcmds Info: \pdfdraftmode found.
)
(/Users/dannyklinenberg/Library/TinyTeX/texmf-dist/tex/latex/graphics/keyval.st
y
Package: keyval 2014/10/28 v1.15 key=value parser (DPC)
\KV@toks@=\toks23
)
(/Users/dannyklinenberg/Library/TinyTeX/texmf-dist/tex/generic/kvsetkeys/kvsetk
eys.sty
Package: kvsetkeys 2019/12/15 v1.18 Key value parser (HO)
)
(/Users/dannyklinenberg/Library/TinyTeX/texmf-dist/tex/generic/kvdefinekeys/kvd
efinekeys.sty
Package: kvdefinekeys 2019-12-19 v1.6 Define keys (HO)
)
(/Users/dannyklinenberg/Library/TinyTeX/texmf-dist/tex/generic/pdfescape/pdfesc
ape.sty
Package: pdfescape 2019/12/09 v1.15 Implements pdfTeX's escape features (HO)
)
(/Users/dannyklinenberg/Library/TinyTeX/texmf-dist/tex/latex/hycolor/hycolor.st
y
Package: hycolor 2020-01-27 v1.10 Color options for hyperref/bookmark (HO)
)
(/Users/dannyklinenberg/Library/TinyTeX/texmf-dist/tex/latex/letltxmacro/letltx
macro.sty
Package: letltxmacro 2019/12/03 v1.6 Let assignment for LaTeX macros (HO)
)
(/Users/dannyklinenberg/Library/TinyTeX/texmf-dist/tex/latex/auxhook/auxhook.st
y
Package: auxhook 2019-12-17 v1.6 Hooks for auxiliary files (HO)
)
(/Users/dannyklinenberg/Library/TinyTeX/texmf-dist/tex/latex/kvoptions/kvoption
s.sty
Package: kvoptions 2019/11/29 v3.13 Key value format for package options (HO)
)
\@linkdim=\dimen144
\Hy@linkcounter=\count188
\Hy@pagecounter=\count189

(/Users/dannyklinenberg/Library/TinyTeX/texmf-dist/tex/latex/hyperref/pd1enc.de
f
File: pd1enc.def 2020-05-15 v7.00e Hyperref: PDFDocEncoding definition (HO)
Now handling font encoding PD1 ...
... no UTF-8 mapping file for font encoding PD1
)
(/Users/dannyklinenberg/Library/TinyTeX/texmf-dist/tex/generic/intcalc/intcalc.
sty
Package: intcalc 2019/12/15 v1.3 Expandable calculations with integers (HO)
)
(/Users/dannyklinenberg/Library/TinyTeX/texmf-dist/tex/generic/etexcmds/etexcmd
s.sty
Package: etexcmds 2019/12/15 v1.7 Avoid name clashes with e-TeX commands (HO)
)
\Hy@SavedSpaceFactor=\count190
Package hyperref Info: Option `unicode' set `true' on input line 4338.

(/Users/dannyklinenberg/Library/TinyTeX/texmf-dist/tex/latex/hyperref/puenc.def
File: puenc.def 2020-05-15 v7.00e Hyperref: PDF Unicode definition (HO)
Now handling font encoding PU ...
... no UTF-8 mapping file for font encoding PU
)
Package hyperref Info: Hyper figures OFF on input line 4464.
Package hyperref Info: Link nesting OFF on input line 4469.
Package hyperref Info: Hyper index ON on input line 4472.
Package hyperref Info: Plain pages OFF on input line 4479.
Package hyperref Info: Backreferencing OFF on input line 4484.
Package hyperref Info: Implicit mode ON; LaTeX internals redefined.
Package hyperref Info: Bookmarks ON on input line 4717.
\c@Hy@tempcnt=\count191
(/Users/dannyklinenberg/Library/TinyTeX/texmf-dist/tex/latex/url/url.sty
\Urlmuskip=\muskip17
Package: url 2013/09/16  ver 3.4  Verb mode for urls, etc.
)
LaTeX Info: Redefining \url on input line 5076.
\XeTeXLinkMargin=\dimen145

(/Users/dannyklinenberg/Library/TinyTeX/texmf-dist/tex/generic/bitset/bitset.st
y
Package: bitset 2019/12/09 v1.3 Handle bit-vector datatype (HO)

(/Users/dannyklinenberg/Library/TinyTeX/texmf-dist/tex/generic/bigintcalc/bigin
tcalc.sty
Package: bigintcalc 2019/12/15 v1.5 Expandable calculations on big integers (HO
)
))
\Fld@menulength=\count192
\Field@Width=\dimen146
\Fld@charsize=\dimen147
Package hyperref Info: Hyper figures OFF on input line 6347.
Package hyperref Info: Link nesting OFF on input line 6352.
Package hyperref Info: Hyper index ON on input line 6355.
Package hyperref Info: backreferencing OFF on input line 6362.
Package hyperref Info: Link coloring OFF on input line 6367.
Package hyperref Info: Link coloring with OCG OFF on input line 6372.
Package hyperref Info: PDF/A mode OFF on input line 6377.
LaTeX Info: Redefining \ref on input line 6417.
LaTeX Info: Redefining \pageref on input line 6421.

(/Users/dannyklinenberg/Library/TinyTeX/texmf-dist/tex/generic/atbegshi/atbegsh
i.sty
Package: atbegshi 2019/12/05 v1.19 At begin shipout hook (HO)
)
\Hy@abspage=\count193
\c@Item=\count194
\c@Hfootnote=\count195
)
Package hyperref Info: Driver (autodetected): hpdftex.

(/Users/dannyklinenberg/Library/TinyTeX/texmf-dist/tex/latex/hyperref/hpdftex.d
ef
File: hpdftex.def 2020-05-15 v7.00e Hyperref driver for pdfTeX

(/Users/dannyklinenberg/Library/TinyTeX/texmf-dist/tex/latex/atveryend/atveryen
d.sty
Package: atveryend 2019-12-11 v1.11 Hooks at the very end of document (HO)
Package atveryend Info: \enddocument detected (standard20110627).
)
\Fld@listcount=\count196
\c@bookmark@seq@number=\count197

(/Users/dannyklinenberg/Library/TinyTeX/texmf-dist/tex/latex/rerunfilecheck/rer
unfilecheck.sty
Package: rerunfilecheck 2019/12/05 v1.9 Rerun checks for auxiliary files (HO)

(/Users/dannyklinenberg/Library/TinyTeX/texmf-dist/tex/generic/uniquecounter/un
iquecounter.sty
Package: uniquecounter 2019/12/15 v1.4 Provide unlimited unique counter (HO)
)
Package uniquecounter Info: New unique counter `rerunfilecheck' on input line 2
86.
)
\Hy@SectionHShift=\skip52
)
Package hyperref Info: Option `colorlinks' set `true' on input line 47.

(/Users/dannyklinenberg/Library/TinyTeX/texmf-dist/tex/latex/geometry/geometry.
sty
Package: geometry 2020/01/02 v5.9 Page Geometry

(/Users/dannyklinenberg/Library/TinyTeX/texmf-dist/tex/generic/iftex/ifvtex.sty
Package: ifvtex 2019/10/25 v1.7 ifvtex legacy package. Use iftex instead.
)
\Gm@cnth=\count198
\Gm@cntv=\count199
\c@Gm@tempcnt=\count266
\Gm@bindingoffset=\dimen148
\Gm@wd@mp=\dimen149
\Gm@odd@mp=\dimen150
\Gm@even@mp=\dimen151
\Gm@layoutwidth=\dimen152
\Gm@layoutheight=\dimen153
\Gm@layouthoffset=\dimen154
\Gm@layoutvoffset=\dimen155
\Gm@dimlist=\toks24
)
(/Users/dannyklinenberg/Library/TinyTeX/texmf-dist/tex/latex/fancyvrb/fancyvrb.
sty
Package: fancyvrb 2020/05/03 v3.6 verbatim text (tvz,hv)
\FV@CodeLineNo=\count267
\FV@InFile=\read2
\FV@TabBox=\box47
\c@FancyVerbLine=\count268
\FV@StepNumber=\count269
\FV@OutFile=\write3
)
(/Users/dannyklinenberg/Library/TinyTeX/texmf-dist/tex/latex/graphics/graphicx.
sty
Package: graphicx 2019/11/30 v1.2a Enhanced LaTeX Graphics (DPC,SPQR)

(/Users/dannyklinenberg/Library/TinyTeX/texmf-dist/tex/latex/graphics/graphics.
sty
Package: graphics 2019/11/30 v1.4a Standard LaTeX Graphics (DPC,SPQR)
(/Users/dannyklinenberg/Library/TinyTeX/texmf-dist/tex/latex/graphics/trig.sty
Package: trig 2016/01/03 v1.10 sin cos tan (DPC)
)
(/Users/dannyklinenberg/Library/TinyTeX/texmf-dist/tex/latex/graphics-cfg/graph
ics.cfg
File: graphics.cfg 2016/06/04 v1.11 sample graphics configuration
)
Package graphics Info: Driver file: pdftex.def on input line 105.
)
\Gin@req@height=\dimen156
\Gin@req@width=\dimen157
)
(/Users/dannyklinenberg/Library/TinyTeX/texmf-dist/tex/latex/grffile/grffile.st
y
Package: grffile 2019/11/11 v2.1 Extended file name support for graphics (legac
y)
Package grffile Info: This package is an empty stub for compatibility on input 
line 40.
)
(/Users/dannyklinenberg/Library/TinyTeX/texmf-dist/tex/latex/koma-script/scrext
end.sty
Package: scrextend 2020/07/22 v3.31 KOMA-Script package (extend other classes w
ith features of KOMA-Script classes)

(/Users/dannyklinenberg/Library/TinyTeX/texmf-dist/tex/latex/koma-script/scrkba
se.sty
Package: scrkbase 2020/07/22 v3.31 KOMA-Script package (KOMA-Script-dependent b
asics and keyval usage)

(/Users/dannyklinenberg/Library/TinyTeX/texmf-dist/tex/latex/koma-script/scrbas
e.sty
Package: scrbase 2020/07/22 v3.31 KOMA-Script package (KOMA-Script-independent 
basics and keyval usage)

(/Users/dannyklinenberg/Library/TinyTeX/texmf-dist/tex/latex/koma-script/scrlfi
le.sty
Package: scrlfile 2020/07/22 v3.31 KOMA-Script package (loading files)
)))

LaTeX Warning: Command \@footnotemark  has changed.
               Check if current package is valid.

)
Package scrextend Info: File `scrsize12pt.clo' used to setup font sizes on inpu
t line 106.

(/Users/dannyklinenberg/Library/TinyTeX/texmf-dist/tex/latex/koma-script/scrsiz
e12pt.clo
File: scrsize12pt.clo 2020/07/22 v3.31 KOMA-Script font size class option (12pt
)
)
(/Users/dannyklinenberg/Library/TinyTeX/texmf-dist/tex/latex/setspace/setspace.
sty
Package: setspace 2011/12/19 v6.7a set line spacing
)
(/Users/dannyklinenberg/Library/TinyTeX/texmf-dist/tex/latex/pdfpages/pdfpages.
sty
Package: pdfpages 2020/01/28 v0.5q Insert pages of external PDF documents (AM)
(/Users/dannyklinenberg/Library/TinyTeX/texmf-dist/tex/latex/base/ifthen.sty
Package: ifthen 2014/09/29 v1.1c Standard LaTeX ifthen package (DPC)
) (/Users/dannyklinenberg/Library/TinyTeX/texmf-dist/tex/latex/tools/calc.sty
Package: calc 2017/05/25 v4.3 Infix arithmetic (KKT,FJ)
\calc@Acount=\count270
\calc@Bcount=\count271
\calc@Adimen=\dimen158
\calc@Bdimen=\dimen159
\calc@Askip=\skip53
\calc@Bskip=\skip54
LaTeX Info: Redefining \setlength on input line 80.
LaTeX Info: Redefining \addtolength on input line 81.
\calc@Ccount=\count272
\calc@Cskip=\skip55
)
(/Users/dannyklinenberg/Library/TinyTeX/texmf-dist/tex/latex/eso-pic/eso-pic.st
y
Package: eso-pic 2018/04/12 v2.0h eso-pic (RN)
)
\AM@pagewidth=\dimen160
\AM@pageheight=\dimen161

(/Users/dannyklinenberg/Library/TinyTeX/texmf-dist/tex/latex/pdfpages/pppdftex.
def
File: pppdftex.def 2020/01/28 v0.5q Pdfpages driver for pdfTeX (AM)
)
\AM@pagebox=\box48
\AM@global@opts=\toks25
\AM@pagecnt=\count273
\AM@toc@title=\toks26
\c@AM@survey=\count274
\AM@templatesizebox=\box49
)
(/Users/dannyklinenberg/Library/TinyTeX/texmf-dist/tex/latex/caption/caption.st
y
Package: caption 2020/09/02 v3.5a Customizing captions (AR)

(/Users/dannyklinenberg/Library/TinyTeX/texmf-dist/tex/latex/caption/caption3.s
ty
Package: caption3 2020/09/11 v2.0b caption3 kernel (AR)
\captionmargin=\dimen162
\captionmargin@=\dimen163
\captionwidth=\dimen164
\caption@tempdima=\dimen165
\caption@indent=\dimen166
\caption@parindent=\dimen167
\caption@hangindent=\dimen168
Package caption Info: Standard document class detected.
)
\c@caption@flags=\count275
\c@continuedfloat=\count276
Package caption Info: hyperref package is loaded.
)
(/Users/dannyklinenberg/Library/TinyTeX/texmf-dist/tex/latex/l3backend/l3backen
d-pdftex.def
File: l3backend-pdftex.def 2020-09-11 L3 backend support: PDF output (pdfTeX)
\l__kernel_color_stack_int=\count277
\l__pdf_internal_box=\box50
) (./00-manual1.aux)
\openout1 = `00-manual1.aux'.

LaTeX Font Info:    Checking defaults for OML/cmm/m/it on input line 118.
LaTeX Font Info:    ... okay on input line 118.
LaTeX Font Info:    Checking defaults for OMS/cmsy/m/n on input line 118.
LaTeX Font Info:    ... okay on input line 118.
LaTeX Font Info:    Checking defaults for OT1/cmr/m/n on input line 118.
LaTeX Font Info:    ... okay on input line 118.
LaTeX Font Info:    Checking defaults for T1/cmr/m/n on input line 118.
LaTeX Font Info:    ... okay on input line 118.
LaTeX Font Info:    Checking defaults for TS1/cmr/m/n on input line 118.
LaTeX Font Info:    ... okay on input line 118.
LaTeX Font Info:    Checking defaults for OMX/cmex/m/n on input line 118.
LaTeX Font Info:    ... okay on input line 118.
LaTeX Font Info:    Checking defaults for U/cmr/m/n on input line 118.
LaTeX Font Info:    ... okay on input line 118.
LaTeX Font Info:    Checking defaults for PD1/pdf/m/n on input line 118.
LaTeX Font Info:    ... okay on input line 118.
LaTeX Font Info:    Checking defaults for PU/pdf/m/n on input line 118.
LaTeX Font Info:    ... okay on input line 118.

(/Users/dannyklinenberg/Library/TinyTeX/texmf-dist/tex/latex/epstopdf-pkg/epsto
pdf-base.sty
Package: epstopdf-base 2020-01-24 v2.11 Base part for package epstopdf
Package epstopdf-base Info: Redefining graphics rule for `.eps' on input line 4
85.

(/Users/dannyklinenberg/Library/TinyTeX/texmf-dist/tex/latex/latexconfig/epstop
df-sys.cfg
File: epstopdf-sys.cfg 2010/07/13 v1.3 Configuration of (r)epstopdf for TeX Liv
e
))
\AtBeginShipoutBox=\box51
Package hyperref Info: Link coloring ON on input line 118.

(/Users/dannyklinenberg/Library/TinyTeX/texmf-dist/tex/latex/hyperref/nameref.s
ty
Package: nameref 2019/09/16 v2.46 Cross-referencing by name of section

(/Users/dannyklinenberg/Library/TinyTeX/texmf-dist/tex/latex/refcount/refcount.
sty
Package: refcount 2019/12/15 v3.6 Data extraction from label references (HO)
)
(/Users/dannyklinenberg/Library/TinyTeX/texmf-dist/tex/generic/gettitlestring/g
ettitlestring.sty
Package: gettitlestring 2019/12/15 v1.6 Cleanup title references (HO)
)
\c@section@level=\count278
)
LaTeX Info: Redefining \ref on input line 118.
LaTeX Info: Redefining \pageref on input line 118.
LaTeX Info: Redefining \nameref on input line 118.
(./00-manual1.out) (./00-manual1.out)
\@outlinefile=\write4
\openout4 = `00-manual1.out'.

*geometry* driver: auto-detecting
*geometry* detected driver: pdftex
*geometry* verbose mode - [ preamble ] result:
* driver: pdftex
* paper: <default>
* layout: <same size as paper>
* layoutoffset:(h,v)=(0.0pt,0.0pt)
* modes: 
* h-part:(L,W,R)=(72.26999pt, 469.75502pt, 72.26999pt)
* v-part:(T,H,B)=(72.26999pt, 650.43001pt, 72.26999pt)
* \paperwidth=614.295pt
* \paperheight=794.96999pt
* \textwidth=469.75502pt
* \textheight=650.43001pt
* \oddsidemargin=0.0pt
* \evensidemargin=0.0pt
* \topmargin=-37.0pt
* \headheight=12.0pt
* \headsep=25.0pt
* \topskip=10.0pt
* \footskip=30.0pt
* \marginparwidth=65.0pt
* \marginparsep=11.0pt
* \columnsep=10.0pt
* \skip\footins=10.8pt plus 4.0pt minus 2.0pt
* \hoffset=0.0pt
* \voffset=0.0pt
* \mag=1000
* \@twocolumnfalse
* \@twosidefalse
* \@mparswitchfalse
* \@reversemarginfalse
* (1in=72.27pt=25.4mm, 1cm=28.453pt)


(/Users/dannyklinenberg/Library/TinyTeX/texmf-dist/tex/latex/pdflscape/pdflscap
e.sty
Package: pdflscape 2019/12/05 v0.12 Display of landscape pages in PDF (HO)

(/Users/dannyklinenberg/Library/TinyTeX/texmf-dist/tex/latex/graphics/lscape.st
y
Package: lscape 2000/10/22 v3.01 Landscape Pages (DPC)
)
Package pdflscape Info: Auto-detected driver: pdftex on input line 81.
)
Package caption Info: Begin \AtBeginDocument code.
Package caption Info: End \AtBeginDocument code.
LaTeX Font Info:    Trying to load font information for OT1+lmr on input line 1
20.
(/Users/dannyklinenberg/Library/TinyTeX/texmf-dist/tex/latex/lm/ot1lmr.fd
File: ot1lmr.fd 2009/10/30 v1.6 Font defs for Latin Modern
)
LaTeX Font Info:    Trying to load font information for OML+lmm on input line 1
20.
(/Users/dannyklinenberg/Library/TinyTeX/texmf-dist/tex/latex/lm/omllmm.fd
File: omllmm.fd 2009/10/30 v1.6 Font defs for Latin Modern
)
LaTeX Font Info:    Trying to load font information for OMS+lmsy on input line 
120.
(/Users/dannyklinenberg/Library/TinyTeX/texmf-dist/tex/latex/lm/omslmsy.fd
File: omslmsy.fd 2009/10/30 v1.6 Font defs for Latin Modern
)
LaTeX Font Info:    Trying to load font information for OMX+lmex on input line 
120.
(/Users/dannyklinenberg/Library/TinyTeX/texmf-dist/tex/latex/lm/omxlmex.fd
File: omxlmex.fd 2009/10/30 v1.6 Font defs for Latin Modern
)
LaTeX Font Info:    External font `lmex10' loaded for size
(Font)              <14.4> on input line 120.
LaTeX Font Info:    External font `lmex10' loaded for size
(Font)              <10> on input line 120.
LaTeX Font Info:    External font `lmex10' loaded for size
(Font)              <7> on input line 120.
LaTeX Font Info:    Trying to load font information for U+msa on input line 120
.
(/Users/dannyklinenberg/Library/TinyTeX/texmf-dist/tex/latex/amsfonts/umsa.fd
File: umsa.fd 2013/01/14 v3.01 AMS symbols A
)
LaTeX Font Info:    Trying to load font information for U+msb on input line 120
.
(/Users/dannyklinenberg/Library/TinyTeX/texmf-dist/tex/latex/amsfonts/umsb.fd
File: umsb.fd 2013/01/14 v3.01 AMS symbols B
)
LaTeX Font Info:    Trying to load font information for TS1+lmr on input line 1
20.
(/Users/dannyklinenberg/Library/TinyTeX/texmf-dist/tex/latex/lm/ts1lmr.fd
File: ts1lmr.fd 2009/10/30 v1.6 Font defs for Latin Modern
)
LaTeX Font Info:    External font `lmex10' loaded for size
(Font)              <5> on input line 120.
(./00-manual1.toc
LaTeX Font Info:    External font `lmex10' loaded for size
(Font)              <12> on input line 2.
LaTeX Font Info:    External font `lmex10' loaded for size
(Font)              <8> on input line 2.
LaTeX Font Info:    External font `lmex10' loaded for size
(Font)              <6> on input line 2.
LaTeX Font Info:    Trying to load font information for T1+lmtt on input line 1
6.
(/Users/dannyklinenberg/Library/TinyTeX/texmf-dist/tex/latex/lm/t1lmtt.fd
File: t1lmtt.fd 2009/10/30 v1.6 Font defs for Latin Modern
) [1

{/Users/dannyklinenberg/Library/TinyTeX/texmf-var/fonts/map/pdftex/updmap/pdfte
x.map}])
\tf@toc=\write5
\openout5 = `00-manual1.toc'.

[2] [3] [4]
<pictures/rproject.png, id=166, 415.5525pt x 58.2175pt>
File: pictures/rproject.png Graphic file (type png)
<use pictures/rproject.png>
Package pdftex.def Info: pictures/rproject.png  used on input line 225.
(pdftex.def)             Requested size: 361.3629pt x 50.6257pt.
[5 <./pictures/rproject.png>]
<pictures/github1.png, id=179, 760.8425pt x 760.8425pt>
File: pictures/github1.png Graphic file (type png)
<use pictures/github1.png>
Package pdftex.def Info: pictures/github1.png  used on input line 269.
(pdftex.def)             Requested size: 361.3575pt x 361.3575pt.
<pictures_github/github_copy.png, id=180, 759.83875pt x 531.9875pt>
File: pictures_github/github_copy.png Graphic file (type png)
<use pictures_github/github_copy.png>
Package pdftex.def Info: pictures_github/github_copy.png  used on input line 27
6.
(pdftex.def)             Requested size: 361.35614pt x 252.99704pt.
[6 <./pictures/github1.png>] [7 <./pictures_github/github_copy.png>]
<pictures_github/github_pane.png, id=199, 539.01375pt x 268.00125pt>
File: pictures_github/github_pane.png Graphic file (type png)
<use pictures_github/github_pane.png>
Package pdftex.def Info: pictures_github/github_pane.png  used on input line 33
0.
(pdftex.def)             Requested size: 361.35117pt x 179.66621pt.
LaTeX Font Info:    Font shape `T1/lmtt/bx/n' in size <12> not available
(Font)              Font shape `T1/lmtt/b/n' tried instead on input line 343.
[8 <./pictures_github/github_pane.png>]
<pictures/github_flow.png, id=210, 436.63126pt x 534.99875pt>
File: pictures/github_flow.png Graphic file (type png)
<use pictures/github_flow.png>
Package pdftex.def Info: pictures/github_flow.png  used on input line 378.
(pdftex.def)             Requested size: 361.35118pt x 442.75902pt.
[9] [10 <./pictures/github_flow.png>]
<pictures/branch.png, id=222, 515.9275pt x 316.18124pt>
File: pictures/branch.png Graphic file (type png)
<use pictures/branch.png>
Package pdftex.def Info: pictures/branch.png  used on input line 395.
(pdftex.def)             Requested size: 361.35934pt x 221.45561pt.
<pictures/pull_req.png, id=223, 1443.3925pt x 682.55pt>
File: pictures/pull_req.png Graphic file (type png)
<use pictures/pull_req.png>
Package pdftex.def Info: pictures/pull_req.png  used on input line 410.
(pdftex.def)             Requested size: 361.33177pt x 170.86621pt.
[11 <./pictures/branch.png>] [12 <./pictures/pull_req.png>]
<pictures/gradescopeintro.png, id=240, 661.34578pt x 427.9739pt>
File: pictures/gradescopeintro.png Graphic file (type png)
<use pictures/gradescopeintro.png>
Package pdftex.def Info: pictures/gradescopeintro.png  used on input line 483.
(pdftex.def)             Requested size: 361.34966pt x 233.83867pt.
[13]
<pictures/gradescopeintro2.png, id=257, 1964.84062pt x 1263.97218pt>
File: pictures/gradescopeintro2.png Graphic file (type png)
<use pictures/gradescopeintro2.png>
Package pdftex.def Info: pictures/gradescopeintro2.png  used on input line 493.

(pdftex.def)             Requested size: 361.33119pt x 232.44255pt.
[14 <./pictures/gradescopeintro.png> <./pictures/gradescopeintro2.png>]
<pictures/gradescopeinto3.png, id=264, 1964.08781pt x 1259.4553pt>
File: pictures/gradescopeinto3.png Graphic file (type png)
<use pictures/gradescopeinto3.png>
Package pdftex.def Info: pictures/gradescopeinto3.png  used on input line 503.
(pdftex.def)             Requested size: 361.3426pt x 231.708pt.
<pictures/gradescopeintro4.png, id=265, 984.30234pt x 683.17734pt>
File: pictures/gradescopeintro4.png Graphic file (type png)
<use pictures/gradescopeintro4.png>
Package pdftex.def Info: pictures/gradescopeintro4.png  used on input line 517.

(pdftex.def)             Requested size: 361.34752pt x 250.80144pt.
[15 <./pictures/gradescopeinto3.png>]
<pictures/gradescopeintro5.png, id=271, 985.43156pt x 631.60968pt>
File: pictures/gradescopeintro5.png Graphic file (type png)
<use pictures/gradescopeintro5.png>
Package pdftex.def Info: pictures/gradescopeintro5.png  used on input line 529.

(pdftex.def)             Requested size: 361.3561pt x 231.6102pt.
[16 <./pictures/gradescopeintro4.png> <./pictures/gradescopeintro5.png>]
<pictures/gradescopeintro6.png, id=278, 1340.00626pt x 685.56125pt>
File: pictures/gradescopeintro6.png Graphic file (type png)
<use pictures/gradescopeintro6.png>
Package pdftex.def Info: pictures/gradescopeintro6.png  used on input line 540.

(pdftex.def)             Requested size: 361.33624pt x 184.8634pt.
[17 <./pictures/gradescopeintro6.png>]
<pictures/github3.png, id=291, 1444.39626pt x 774.895pt>
File: pictures/github3.png Graphic file (type png)
<use pictures/github3.png>
Package pdftex.def Info: pictures/github3.png  used on input line 574.
(pdftex.def)             Requested size: 361.3406pt x 193.85333pt.
[18 <./pictures/github3.png>]
LaTeX Font Info:    Font shape `T1/lmtt/bx/n' in size <14.4> not available
(Font)              Font shape `T1/lmtt/b/n' tried instead on input line 604.
<pictures/hw_template_1.png, id=301, 1445.4pt x 776.9025pt>
File: pictures/hw_template_1.png Graphic file (type png)
<use pictures/hw_template_1.png>
Package pdftex.def Info: pictures/hw_template_1.png  used on input line 615.
(pdftex.def)             Requested size: 361.34912pt x 194.22514pt.
[19 <./pictures/hw_template_1.png>]
<pictures/Manual_1.png, id=312, 459.51675pt x 582.978pt>
File: pictures/Manual_1.png Graphic file (type png)
<use pictures/Manual_1.png>
Package pdftex.def Info: pictures/Manual_1.png  used on input line 663.
(pdftex.def)             Requested size: 361.3595pt x 458.44823pt.
[20]
<pictures/Manual_2.png, id=323, 458.9145pt x 534.19576pt>
File: pictures/Manual_2.png Graphic file (type png)
<use pictures/Manual_2.png>
Package pdftex.def Info: pictures/Manual_2.png  used on input line 666.
(pdftex.def)             Requested size: 361.35506pt x 420.63248pt.
[21 <./pictures/Manual_1.png>]
<pictures/Manual_3.png, id=328, 458.31226pt x 582.37575pt>
File: pictures/Manual_3.png Graphic file (type png)
<use pictures/Manual_3.png>
Package pdftex.def Info: pictures/Manual_3.png  used on input line 669.
(pdftex.def)             Requested size: 361.37038pt x 459.19205pt.
[22 <./pictures/Manual_2.png>] [23 <./pictures/Manual_3.png>]
<pictures/helper_functions.png, id=338, 430.60875pt x 370.986pt>
File: pictures/helper_functions.png Graphic file (type png)
<use pictures/helper_functions.png>
Package pdftex.def Info: pictures/helper_functions.png  used on input line 699.

(pdftex.def)             Requested size: 361.36063pt x 311.32608pt.
[24 <./pictures/helper_functions.png>]
<pictures/v_git_clone.png, id=344, 1138.2525pt x 583.17876pt>
File: pictures/v_git_clone.png Graphic file (type png)
<use pictures/v_git_clone.png>
Package pdftex.def Info: pictures/v_git_clone.png  used on input line 730.
(pdftex.def)             Requested size: 361.34773pt x 185.13495pt.
[25]
<pictures/R_Project.png, id=351, 227.6505pt x 388.45125pt>
File: pictures/R_Project.png Graphic file (type png)
<use pictures/R_Project.png>
Package pdftex.def Info: pictures/R_Project.png  used on input line 733.
(pdftex.def)             Requested size: 227.65688pt x 388.46213pt.
<pictures/R_VC.png, id=352, 324.61275pt x 230.66174pt>
File: pictures/R_VC.png Graphic file (type png)
<use pictures/R_VC.png>
Package pdftex.def Info: pictures/R_VC.png  used on input line 736.
(pdftex.def)             Requested size: 324.61688pt x 230.66467pt.
[26 <./pictures/v_git_clone.png> <./pictures/R_Project.png>]
<pictures/R_Git.png, id=358, 324.61275pt x 231.86626pt>
File: pictures/R_Git.png Graphic file (type png)
<use pictures/R_Git.png>
Package pdftex.def Info: pictures/R_Git.png  used on input line 739.
(pdftex.def)             Requested size: 324.61688pt x 231.8692pt.
[27 <./pictures/R_VC.png> <./pictures/R_Git.png>]
<pictures/v_git_copy.png, id=363, 1844.8925pt x 1084.05pt>
File: pictures/v_git_copy.png Graphic file (type png)
<use pictures/v_git_copy.png>
Package pdftex.def Info: pictures/v_git_copy.png  used on input line 754.
(pdftex.def)             Requested size: 361.34311pt x 212.32347pt.
<pictures/vrinput.png, id=364, 1106.1325pt x 508.90125pt>
File: pictures/vrinput.png Graphic file (type png)
<use pictures/vrinput.png>
Package pdftex.def Info: pictures/vrinput.png  used on input line 773.
(pdftex.def)             Requested size: 361.34541pt x 166.24512pt.
[28 <./pictures/v_git_copy.png>]
LaTeX Font Info:    Trying to load font information for TS1+lmtt on input line 
789.
(/Users/dannyklinenberg/Library/TinyTeX/texmf-dist/tex/latex/lm/ts1lmtt.fd
File: ts1lmtt.fd 2009/10/30 v1.6 Font defs for Latin Modern
) [29 <./pictures/vrinput.png>]
Overfull \hbox (8.16592pt too wide) in paragraph at lines 809--814
[]\T1/lmr/m/n/12 The only line that will EVER be changed is \T1/lmtt/m/n/12 d <
- masterdata[sample(1:nrow(masterdata),
 []

[30]
<pictures/autograde_example.png, id=381, 660.66824pt x 566.115pt>
File: pictures/autograde_example.png Graphic file (type png)
<use pictures/autograde_example.png>
Package pdftex.def Info: pictures/autograde_example.png  used on input line 849
.
(pdftex.def)             Requested size: 361.35246pt x 309.63657pt.
<pictures/autograde_error_example.png, id=382, 318.59026pt x 34.9305pt>
File: pictures/autograde_error_example.png Graphic file (type png)
<use pictures/autograde_error_example.png>
Package pdftex.def Info: pictures/autograde_error_example.png  used on input li
ne 863.
(pdftex.def)             Requested size: 318.59433pt x 34.93092pt.
[31 <./pictures/autograde_example.png> <./pictures/autograde_error_example.png>
] [32]
<pictures/autograde_grade_example.png, id=394, 493.845pt x 70.46326pt>
File: pictures/autograde_grade_example.png Graphic file (type png)
<use pictures/autograde_grade_example.png>
Package pdftex.def Info: pictures/autograde_grade_example.png  used on input li
ne 943.
(pdftex.def)             Requested size: 361.34781pt x 51.55815pt.
[33 <./pictures/autograde_grade_example.png>]
<pictures/autograde_NA_example.png, id=401, 449.2785pt x 41.55525pt>
File: pictures/autograde_NA_example.png Graphic file (type png)
<use pictures/autograde_NA_example.png>
Package pdftex.def Info: pictures/autograde_NA_example.png  used on input line 
968.
(pdftex.def)             Requested size: 361.37022pt x 33.4243pt.
<pictures/practice-assignment.pdf, id=402, 614.295pt x 794.97pt>
File: pictures/practice-assignment.pdf Graphic file (type pdf)
<use pictures/practice-assignment.pdf>
Package pdftex.def Info: pictures/practice-assignment.pdf  used on input line 9
78.
(pdftex.def)             Requested size: 361.35297pt x 467.63326pt.
[34 <./pictures/autograde_NA_example.png>] [35 <./pictures/practice-assignment.
pdf>] [36] [37] [38] [39] [40] [41] [42]
File: pictures/practice-assignment.pdf Graphic file (type pdf)
<use pictures/practice-assignment.pdf>
Package pdftex.def Info: pictures/practice-assignment.pdf  used on input line 1
223.
(pdftex.def)             Requested size: 469.75604pt x 607.9196pt.
File: pictures/practice-assignment.pdf Graphic file (type pdf)
<use pictures/practice-assignment.pdf>
Package pdftex.def Info: pictures/practice-assignment.pdf  used on input line 1
223.
(pdftex.def)             Requested size: 469.75604pt x 607.9196pt.
<pictures/practice-assignment.pdf, id=484, page=1, 614.295pt x 794.97pt>
File: pictures/practice-assignment.pdf Graphic file (type pdf)
<use pictures/practice-assignment.pdf, page 1>
Package pdftex.def Info: pictures/practice-assignment.pdf , page1 used on input
 line 1223.
(pdftex.def)             Requested size: 433.62pt x 561.15749pt.
File: pictures/practice-assignment.pdf Graphic file (type pdf)
<use pictures/practice-assignment.pdf, page 1>
Package pdftex.def Info: pictures/practice-assignment.pdf , page1 used on input
 line 1223.
(pdftex.def)             Requested size: 869.60547pt x 1125.37181pt.
[43]
File: pictures/practice-assignment.pdf Graphic file (type pdf)
<use pictures/practice-assignment.pdf, page 1>
Package pdftex.def Info: pictures/practice-assignment.pdf , page1 used on input
 line 1223.
(pdftex.def)             Requested size: 869.60547pt x 1125.37181pt.
File: pictures/practice-assignment.pdf Graphic file (type pdf)
<use pictures/practice-assignment.pdf, page 1>
Package pdftex.def Info: pictures/practice-assignment.pdf , page1 used on input
 line 1223.
(pdftex.def)             Requested size: 869.60547pt x 1125.37181pt.
File: pictures/practice-assignment.pdf Graphic file (type pdf)
<use pictures/practice-assignment.pdf, page 1>
Package pdftex.def Info: pictures/practice-assignment.pdf , page1 used on input
 line 1223.
(pdftex.def)             Requested size: 869.60547pt x 1125.37181pt.
[44 <./pictures/practice-assignment.pdf>]
<pictures/practice-assignment.pdf, id=523, page=2, 614.295pt x 794.97pt>
File: pictures/practice-assignment.pdf Graphic file (type pdf)
<use pictures/practice-assignment.pdf, page 2>
Package pdftex.def Info: pictures/practice-assignment.pdf , page2 used on input
 line 1223.
(pdftex.def)             Requested size: 869.60547pt x 1125.37181pt.
File: pictures/practice-assignment.pdf Graphic file (type pdf)
<use pictures/practice-assignment.pdf, page 2>
Package pdftex.def Info: pictures/practice-assignment.pdf , page2 used on input
 line 1223.
(pdftex.def)             Requested size: 869.60547pt x 1125.37181pt.
File: pictures/practice-assignment.pdf Graphic file (type pdf)
<use pictures/practice-assignment.pdf, page 2>
Package pdftex.def Info: pictures/practice-assignment.pdf , page2 used on input
 line 1223.
(pdftex.def)             Requested size: 869.60547pt x 1125.37181pt.
[45 <./pictures/practice-assignment.pdf>] [46]
Overfull \hbox (46.53265pt too wide) in paragraph at lines 1320--1324
[]\T1/lmr/m/n/12 After you cre-ate your pri-vate repos-i-tory, en-ter \T1/lmtt/
m/n/12 helper_functions\T1/lmr/m/n/12 . Click \T1/lmtt/m/n/12 email_credential_
maker.R
 []

[47]
File: pictures/github_flow.png Graphic file (type png)
<use pictures/github_flow.png>
Package pdftex.def Info: pictures/github_flow.png  used on input line 1354.
(pdftex.def)             Requested size: 361.35118pt x 442.75902pt.
[48] [49]
File: pictures/branch.png Graphic file (type png)
<use pictures/branch.png>
Package pdftex.def Info: pictures/branch.png  used on input line 1371.
(pdftex.def)             Requested size: 361.35934pt x 221.45561pt.
File: pictures/pull_req.png Graphic file (type png)
<use pictures/pull_req.png>
Package pdftex.def Info: pictures/pull_req.png  used on input line 1386.
(pdftex.def)             Requested size: 361.33177pt x 170.86621pt.
[50] [51] [52]
Underfull \hbox (badness 1231) in paragraph at lines 1485--1488
[]\T1/lmr/bx/n/12 Package De-pen-den-cies\T1/lmr/m/n/12 : \T1/lmtt/m/n/12 pacma
n\T1/lmr/m/n/12 , \T1/lmtt/m/n/12 ggplot2\T1/lmr/m/n/12 , \T1/lmtt/m/n/12 glue\
T1/lmr/m/n/12 , \T1/lmtt/m/n/12 gmailr\T1/lmr/m/n/12 , \T1/lmtt/m/n/12 progress
\T1/lmr/m/n/12 , \T1/lmtt/m/n/12 tidyverse\T1/lmr/m/n/12 ,
 []

[53] [54] [55]
Package atveryend Info: Empty hook `BeforeClearDocument' on input line 1638.
[56]
Package atveryend Info: Empty hook `AfterLastShipout' on input line 1638.
(./00-manual1.aux)
Package atveryend Info: Executing hook `AtVeryEndDocument' on input line 1638.
Package atveryend Info: Executing hook `AtEndAfterFileList' on input line 1638.

Package rerunfilecheck Info: File `00-manual1.out' has not changed.
(rerunfilecheck)             Checksum: E1E98BD95B858AE5D3A1C9A2F12CA480;3485.
Package atveryend Info: Empty hook `AtVeryVeryEnd' on input line 1638.
 ) 
Here is how much of TeX's memory you used:
 14229 strings out of 482799
 218345 string characters out of 5953368
 504771 words of memory out of 5000000
 29128 multiletter control sequences out of 15000+600000
 603012 words of font info for 84 fonts, out of 8000000 for 9000
 14 hyphenation exceptions out of 8191
 43i,19n,53p,429b,517s stack positions out of 5000i,500n,10000p,200000b,80000s
{/Users/dannyklinenberg/Library/TinyTeX/texmf-dist/fonts/enc/dvips/lm/lm-ec.e
nc}{/Users/dannyklinenberg/Library/TinyTeX/texmf-dist/fonts/enc/dvips/lm/lm-ts1
.enc}{/Users/dannyklinenberg/Library/TinyTeX/texmf-dist/fonts/enc/dvips/lm/lm-m
athit.enc}{/Users/dannyklinenberg/Library/TinyTeX/texmf-dist/fonts/enc/dvips/lm
/lm-rm.enc}</Users/dannyklinenberg/Library/TinyTeX/texmf-dist/fonts/type1/publi
c/lm/lmbx12.pfb></Users/dannyklinenberg/Library/TinyTeX/texmf-dist/fonts/type1/
public/lm/lmmi8.pfb></Users/dannyklinenberg/Library/TinyTeX/texmf-dist/fonts/ty
pe1/public/lm/lmr10.pfb></Users/dannyklinenberg/Library/TinyTeX/texmf-dist/font
s/type1/public/lm/lmr12.pfb></Users/dannyklinenberg/Library/TinyTeX/texmf-dist/
fonts/type1/public/lm/lmr17.pfb></Users/dannyklinenberg/Library/TinyTeX/texmf-d
ist/fonts/type1/public/lm/lmr6.pfb></Users/dannyklinenberg/Library/TinyTeX/texm
f-dist/fonts/type1/public/lm/lmr7.pfb></Users/dannyklinenberg/Library/TinyTeX/t
exmf-dist/fonts/type1/public/lm/lmri12.pfb></Users/dannyklinenberg/Library/Tiny
TeX/texmf-dist/fonts/type1/public/lm/lmtk10.pfb></Users/dannyklinenberg/Library
/TinyTeX/texmf-dist/fonts/type1/public/lm/lmtt12.pfb>
Output written on 00-manual1.pdf (56 pages, 3030915 bytes).
PDF statistics:
 717 PDF objects out of 1000 (max. 8388607)
 568 compressed objects within 6 object streams
 200 named destinations out of 1000 (max. 500000)
 363 words of extra memory for PDF output out of 10000 (max. 10000000)

